{"uid":"2f0ba8928096b2bb","name":"test_input_order","fullName":"pythonProject.bbe.tests.test_add_to_cart.TestNewOrder#test_input_order","historyId":"d807ea15a45d9c522cef5fb239da7542","time":{"start":1728975492703,"stop":1728975522632,"duration":29929},"status":"failed","statusMessage":"AssertionError: The URL did not change as expected\nassert 'payments' in 'https://demo.yookassa.ru/new_order'\n +  where 'https://demo.yookassa.ru/new_order' = <selenium.webdriver.chrome.webdriver.WebDriver (session=\"ca81b620c2c5e144c39e17afb607f664\")>.current_url\n +    where <selenium.webdriver.chrome.webdriver.WebDriver (session=\"ca81b620c2c5e144c39e17afb607f664\")> = <bbe.tests.test_add_to_cart.TestNewOrder object at 0x00000165E963DA60>.driver","statusTrace":"self = <bbe.tests.test_add_to_cart.TestNewOrder object at 0x00000165E963DA60>, base_url = 'https://demo.yookassa.ru/'\n\n    def test_input_order(self, base_url):\n    # Инициализация страницы корзины и заказа\n        cart_page = CartPage(self.driver)\n        order_page = OrderPage(self.driver)\n    \n        cart_page.open_cart_page()\n    \n        # Добавляем товар в корзину\n        product_id = '253355137'\n        cart_page.add_item_cart_page(product_id)\n    \n        # Нажимаем кнопку \"Оформить заказ\"\n        cart_page.order_button_click()\n    \n        assert \"order\" in self.driver.current_url, \"The order page did not open.\"\n    \n        # Открытие страницы заказа\n        order_page.open_order_page()\n    \n        # Заполнить форму контактного телефона\n        order_page.input_contact_number()\n    \n        #Проверка правильности заполнения поля контактного телефона\n        assert order_page.get_contact_number() == \"+7(926)555-11-22\", \"Contact number was not correctly filled.\"\n    \n        # Негативный сценарий, неверное заполнение населенного пункта\n        order_page.input_wrong_location()\n        # Подтвердить заказ\n        order_page.submit_button_click()\n        time.sleep(3)\n        # Проверка наличия ошибки - алерт с текстом\n        assert order_page.error_alert(), \"Alert of location error is not displayed\"\n        time.sleep(3)\n        #Очищаем поле населенного пункта\n        order_page.input_location_clear()\n        # Заполняем форму населенного пункта\n        order_page.input_location_value()\n        # Доставка курьером\n        order_page.delivery_by_curier()\n        time.sleep(3)\n        # Проверка, что доставка курьером выбрана\n        assert order_page.is_delivery_by_curier_selected(), \"Courier delivery was not selected.\"\n    \n        # ФИО\n        order_page.full_name()\n        #Подтвердить заказ\n        order_page.submit_button_click()\n        time.sleep(10)\n        # Проверка перехода на новый url с платежом\n        expected_url_part = \"payments\"\n        current_url = self.driver.current_url  # Получаем текущий URL\n        print(f\"Current URL: {current_url}\")\n>       assert expected_url_part in self.driver.current_url, f\"The URL did not change as expected\"\nE       AssertionError: The URL did not change as expected\nE       assert 'payments' in 'https://demo.yookassa.ru/new_order'\nE        +  where 'https://demo.yookassa.ru/new_order' = <selenium.webdriver.chrome.webdriver.WebDriver (session=\"ca81b620c2c5e144c39e17afb607f664\")>.current_url\nE        +    where <selenium.webdriver.chrome.webdriver.WebDriver (session=\"ca81b620c2c5e144c39e17afb607f664\")> = <bbe.tests.test_add_to_cart.TestNewOrder object at 0x00000165E963DA60>.driver\n\npythonProject\\bbe\\tests\\test_add_to_cart.py:126: AssertionError","flaky":false,"newFailed":false,"newBroken":false,"newPassed":false,"retriesCount":0,"retriesStatusChange":false,"beforeStages":[{"name":"init_driver","time":{"start":1728975491203,"stop":1728975492700,"duration":1497},"status":"passed","steps":[],"attachments":[],"parameters":[],"shouldDisplayMessage":false,"stepsCount":0,"attachmentsCount":0,"hasContent":false},{"name":"base_url","time":{"start":1728975492701,"stop":1728975492701,"duration":0},"status":"passed","steps":[],"attachments":[],"parameters":[],"shouldDisplayMessage":false,"stepsCount":0,"attachmentsCount":0,"hasContent":false}],"testStage":{"status":"failed","statusMessage":"AssertionError: The URL did not change as expected\nassert 'payments' in 'https://demo.yookassa.ru/new_order'\n +  where 'https://demo.yookassa.ru/new_order' = <selenium.webdriver.chrome.webdriver.WebDriver (session=\"ca81b620c2c5e144c39e17afb607f664\")>.current_url\n +    where <selenium.webdriver.chrome.webdriver.WebDriver (session=\"ca81b620c2c5e144c39e17afb607f664\")> = <bbe.tests.test_add_to_cart.TestNewOrder object at 0x00000165E963DA60>.driver","statusTrace":"self = <bbe.tests.test_add_to_cart.TestNewOrder object at 0x00000165E963DA60>, base_url = 'https://demo.yookassa.ru/'\n\n    def test_input_order(self, base_url):\n    # Инициализация страницы корзины и заказа\n        cart_page = CartPage(self.driver)\n        order_page = OrderPage(self.driver)\n    \n        cart_page.open_cart_page()\n    \n        # Добавляем товар в корзину\n        product_id = '253355137'\n        cart_page.add_item_cart_page(product_id)\n    \n        # Нажимаем кнопку \"Оформить заказ\"\n        cart_page.order_button_click()\n    \n        assert \"order\" in self.driver.current_url, \"The order page did not open.\"\n    \n        # Открытие страницы заказа\n        order_page.open_order_page()\n    \n        # Заполнить форму контактного телефона\n        order_page.input_contact_number()\n    \n        #Проверка правильности заполнения поля контактного телефона\n        assert order_page.get_contact_number() == \"+7(926)555-11-22\", \"Contact number was not correctly filled.\"\n    \n        # Негативный сценарий, неверное заполнение населенного пункта\n        order_page.input_wrong_location()\n        # Подтвердить заказ\n        order_page.submit_button_click()\n        time.sleep(3)\n        # Проверка наличия ошибки - алерт с текстом\n        assert order_page.error_alert(), \"Alert of location error is not displayed\"\n        time.sleep(3)\n        #Очищаем поле населенного пункта\n        order_page.input_location_clear()\n        # Заполняем форму населенного пункта\n        order_page.input_location_value()\n        # Доставка курьером\n        order_page.delivery_by_curier()\n        time.sleep(3)\n        # Проверка, что доставка курьером выбрана\n        assert order_page.is_delivery_by_curier_selected(), \"Courier delivery was not selected.\"\n    \n        # ФИО\n        order_page.full_name()\n        #Подтвердить заказ\n        order_page.submit_button_click()\n        time.sleep(10)\n        # Проверка перехода на новый url с платежом\n        expected_url_part = \"payments\"\n        current_url = self.driver.current_url  # Получаем текущий URL\n        print(f\"Current URL: {current_url}\")\n>       assert expected_url_part in self.driver.current_url, f\"The URL did not change as expected\"\nE       AssertionError: The URL did not change as expected\nE       assert 'payments' in 'https://demo.yookassa.ru/new_order'\nE        +  where 'https://demo.yookassa.ru/new_order' = <selenium.webdriver.chrome.webdriver.WebDriver (session=\"ca81b620c2c5e144c39e17afb607f664\")>.current_url\nE        +    where <selenium.webdriver.chrome.webdriver.WebDriver (session=\"ca81b620c2c5e144c39e17afb607f664\")> = <bbe.tests.test_add_to_cart.TestNewOrder object at 0x00000165E963DA60>.driver\n\npythonProject\\bbe\\tests\\test_add_to_cart.py:126: AssertionError","steps":[],"attachments":[{"uid":"5b44b13c16f72c62","name":"stdout","source":"5b44b13c16f72c62.txt","type":"text/plain","size":48}],"parameters":[],"shouldDisplayMessage":true,"stepsCount":0,"attachmentsCount":1,"hasContent":true},"afterStages":[{"name":"init_driver::0","time":{"start":1728975522733,"stop":1728975524938,"duration":2205},"status":"passed","steps":[],"attachments":[],"parameters":[],"shouldDisplayMessage":false,"stepsCount":0,"attachmentsCount":0,"hasContent":false}],"labels":[{"name":"tag","value":"@pytest.mark.usefixtures('init_driver', 'base_url')"},{"name":"parentSuite","value":"pythonProject.bbe.tests"},{"name":"suite","value":"test_add_to_cart"},{"name":"subSuite","value":"TestNewOrder"},{"name":"host","value":"sb-a309063"},{"name":"thread","value":"20304-MainThread"},{"name":"framework","value":"pytest"},{"name":"language","value":"cpython3"},{"name":"package","value":"pythonProject.bbe.tests.test_add_to_cart"},{"name":"resultFormat","value":"allure2"}],"parameters":[],"links":[],"hidden":true,"retry":true,"extra":{"categories":[],"tags":["@pytest.mark.usefixtures('init_driver', 'base_url')"]},"source":"2f0ba8928096b2bb.json","parameterValues":[]}